170: [Sun Dec 04 06:0sdfsdk child workerEnv in error state 7
188: [Sun Dec 04 06:1sdfsdfe] workerEnv.init() ok /etc/httpd/conf/workers2.properties
256: [Sun Dec 04 06:20:30sdfsd2_init() Found child 32466 in scoreboard slot 11
278: [Sun Dec 04 06:dfgdfjk child workerEnv in error state 7
316: [Sun Dec 04 dfgdfgnotice] workerEnv.init() ok /etc/httpd/conf/workers2.properties
347: [Sun Dec 04 06:fghfgh] mod_jk child workerEnv in error state 8
372: [Sun Dec 04 0fghfghfghfice] jk2_init() Found child 32601 in scoreboard slot 7
415: [Sun Dec 04 06:54:fhfghfh jk2_init() Found child 32646 in scoreboard slot 6
526: [Sun Dec 04 07fgh/httpd/conf/workers2.properties
535: [Sun Dec 04 07fghnd child 312 in scoreboard slot 10
544: [Sun Dec 04 07:fghrEnv.init() ok /etc/httpd/conf/workers2.properties
1174: [Mon DecfghorkerEnv in error state 6
1178: [Mon Dec 05 05ghh jk2_init() Found child 4595 in scoreboard slot 7
1181: [Mon Dec 05 0fgrkerEnv.init() ok /etc/httpd/conf/workers2.properties
1201: [Mon Dec 05 gh] workerEnv.init() ok /etc/httpd/conf/workers2.properties
1482: [Mon Dec 05 10gherEnv in error state 7
1489: [Mon ght 67.166.248.235] Directory index forbidden by rule: /var/www/html/
1740: [Mon Decghjk2_init() Found child 6044 in scoreboard slot 8
1752: [Mon Dec 05 h] jk2_init() Found child 6062 in scoreboard slot 9
1756: [Mon Dec 05 14:01hit() Found child 6100 in scoreboard slot 7
1775: [Mon Dec 05 15:31:ghghghg] mod_jk child workerEnv in error state 6
1795: [Mon Dec 05 15gh jk2_init() Found child 6295 in scoreboard slot 8
1913: [Mon Dec 05 17ghght() Found child 6601 in scoreboard slot 8
